<?xml version="1.0" encoding="utf-8"?><testsuites name="pytest tests"><testsuite name="pytest" errors="0" failures="0" skipped="0" tests="28" time="1.977" timestamp="2026-03-08T04:42:32.511407+00:00" hostname="agent-env-ada8cc63-8890-49fe-898c-ddda8da506ae"><testcase classname="tests.test_enhanced_card_apis.TestEligibilityCheckAPI" name="test_eligibility_check_eligible_user" time="0.276" /><testcase classname="tests.test_enhanced_card_apis.TestEligibilityCheckAPI" name="test_eligibility_check_ineligible_age_too_young" time="0.058" /><testcase classname="tests.test_enhanced_card_apis.TestEligibilityCheckAPI" name="test_eligibility_check_ineligible_low_income" time="0.052" /><testcase classname="tests.test_enhanced_card_apis.TestEligibilityCheckAPI" name="test_eligibility_check_ineligible_low_credit_score" time="0.054" /><testcase classname="tests.test_enhanced_card_apis.TestEligibilityCheckAPI" name="test_eligibility_check_nonexistent_card" time="0.056" /><testcase classname="tests.test_enhanced_card_apis.TestEligibilityCheckAPI" name="test_eligibility_check_without_credit_score" time="0.053" /><testcase classname="tests.test_enhanced_card_apis.TestEligibilityCheckAPI" name="test_eligibility_check_lifetime_free_card" time="0.050" /><testcase classname="tests.test_enhanced_card_apis.TestLeadCaptureAPI" name="test_submit_lead_success" time="0.051" /><testcase classname="tests.test_enhanced_card_apis.TestLeadCaptureAPI" name="test_submit_lead_minimal_data" time="0.050" /><testcase classname="tests.test_enhanced_card_apis.TestReviewsAPI" name="test_submit_review_success" time="0.054" /><testcase classname="tests.test_enhanced_card_apis.TestReviewsAPI" name="test_submit_review_with_category_ratings" time="0.052" /><testcase classname="tests.test_enhanced_card_apis.TestReviewsAPI" name="test_get_reviews_for_card" time="0.057" /><testcase classname="tests.test_enhanced_card_apis.TestReviewsAPI" name="test_get_reviews_empty_card" time="0.050" /><testcase classname="tests.test_enhanced_card_apis.TestReviewsAPI" name="test_submit_review_nonexistent_card" time="0.060" /><testcase classname="tests.test_enhanced_card_apis.TestExtendedCardData" name="test_card_has_quick_highlights" time="0.051" /><testcase classname="tests.test_enhanced_card_apis.TestExtendedCardData" name="test_card_has_about_section" time="0.079" /><testcase classname="tests.test_enhanced_card_apis.TestExtendedCardData" name="test_card_has_rewards_program" time="0.058" /><testcase classname="tests.test_enhanced_card_apis.TestExtendedCardData" name="test_card_has_travel_benefits" time="0.058" /><testcase classname="tests.test_enhanced_card_apis.TestExtendedCardData" name="test_card_has_eligibility_criteria" time="0.052" /><testcase classname="tests.test_enhanced_card_apis.TestExtendedCardData" name="test_card_has_pros_cons" time="0.051" /><testcase classname="tests.test_enhanced_card_apis.TestExtendedCardData" name="test_card_has_similar_cards" time="0.056" /><testcase classname="tests.test_enhanced_card_apis.TestExtendedCardData" name="test_card_has_faqs" time="0.050" /><testcase classname="tests.test_enhanced_card_apis.TestExtendedCardData" name="test_card_has_apply_links" time="0.055" /><testcase classname="tests.test_enhanced_card_apis.TestExtendedCardData" name="test_card_has_reviews_data" time="0.056" /><testcase classname="tests.test_enhanced_card_apis.TestAdminLeadsReviews" name="test_admin_get_leads" time="0.109" /><testcase classname="tests.test_enhanced_card_apis.TestAdminLeadsReviews" name="test_admin_get_reviews" time="0.055" /><testcase classname="tests.test_enhanced_card_apis.TestMetadataEndpoints" name="test_get_networks" time="0.063" /><testcase classname="tests.test_enhanced_card_apis.TestMetadataEndpoints" name="test_get_category_tags" time="0.053" /></testsuite></testsuites>