<?xml version="1.0" encoding="utf-8"?><testsuites name="pytest tests"><testsuite name="pytest" errors="0" failures="0" skipped="0" tests="33" time="5.241" timestamp="2026-03-08T03:54:43.358763+00:00" hostname="agent-env-ada8cc63-8890-49fe-898c-ddda8da506ae"><testcase classname="backend.tests.test_credit_card_api.TestRootEndpoint" name="test_root_returns_success" time="0.281" /><testcase classname="backend.tests.test_credit_card_api.TestAuthentication" name="test_login_success" time="0.058" /><testcase classname="backend.tests.test_credit_card_api.TestAuthentication" name="test_login_invalid_email" time="0.051" /><testcase classname="backend.tests.test_credit_card_api.TestAuthentication" name="test_login_invalid_password" time="0.047" /><testcase classname="backend.tests.test_credit_card_api.TestAuthentication" name="test_get_current_user_with_token" time="0.114" /><testcase classname="backend.tests.test_credit_card_api.TestPublicCardsAPI" name="test_get_all_cards" time="0.051" /><testcase classname="backend.tests.test_credit_card_api.TestPublicCardsAPI" name="test_get_card_by_id" time="0.050" /><testcase classname="backend.tests.test_credit_card_api.TestPublicCardsAPI" name="test_get_card_not_found" time="0.097" /><testcase classname="backend.tests.test_credit_card_api.TestPublicCardsAPI" name="test_filter_cards_by_type" time="0.050" /><testcase classname="backend.tests.test_credit_card_api.TestPublicCardsAPI" name="test_filter_cards_by_bank" time="0.052" /><testcase classname="backend.tests.test_credit_card_api.TestPublicCardsAPI" name="test_filter_cards_lifetime_free" time="0.048" /><testcase classname="backend.tests.test_credit_card_api.TestCardsFilterEndpoint" name="test_filter_by_annual_fee_free" time="0.052" /><testcase classname="backend.tests.test_credit_card_api.TestCardsFilterEndpoint" name="test_filter_by_annual_fee_low" time="0.044" /><testcase classname="backend.tests.test_credit_card_api.TestCardsFilterEndpoint" name="test_filter_by_annual_fee_premium" time="0.053" /><testcase classname="backend.tests.test_credit_card_api.TestCardsFilterEndpoint" name="test_filter_by_bank" time="0.053" /><testcase classname="backend.tests.test_credit_card_api.TestCardsFilterEndpoint" name="test_filter_by_card_type" time="0.050" /><testcase classname="backend.tests.test_credit_card_api.TestCardsFilterEndpoint" name="test_filter_combined" time="0.056" /><testcase classname="backend.tests.test_credit_card_api.TestBanksEndpoint" name="test_get_banks" time="0.056" /><testcase classname="backend.tests.test_credit_card_api.TestCompareEndpoint" name="test_compare_two_cards" time="0.061" /><testcase classname="backend.tests.test_credit_card_api.TestCompareEndpoint" name="test_compare_max_five_cards" time="0.063" /><testcase classname="backend.tests.test_credit_card_api.TestCompareEndpoint" name="test_compare_more_than_five_fails" time="0.049" /><testcase classname="backend.tests.test_credit_card_api.TestRewardsCalculation" name="test_calculate_rewards" time="0.055" /><testcase classname="backend.tests.test_credit_card_api.TestRewardsCalculation" name="test_calculate_rewards_nonexistent_card" time="0.050" /><testcase classname="backend.tests.test_credit_card_api.TestInsightsEndpoint" name="test_best_by_category" time="0.053" /><testcase classname="backend.tests.test_credit_card_api.TestAdminAnalytics" name="test_get_analytics_authenticated" time="0.052" /><testcase classname="backend.tests.test_credit_card_api.TestAdminAnalytics" name="test_get_analytics_unauthenticated" time="0.046" /><testcase classname="backend.tests.test_credit_card_api.TestAdminCRUD" name="test_get_all_cards_admin" time="0.050" /><testcase classname="backend.tests.test_credit_card_api.TestAdminCRUD" name="test_create_card_and_verify" time="0.178" /><testcase classname="backend.tests.test_credit_card_api.TestAdminCRUD" name="test_update_card_and_verify" time="0.270" /><testcase classname="backend.tests.test_credit_card_api.TestAdminCRUD" name="test_delete_card_and_verify" time="0.153" /><testcase classname="backend.tests.test_credit_card_api.TestAdminCRUD" name="test_update_nonexistent_card" time="0.047" /><testcase classname="backend.tests.test_credit_card_api.TestAdminCRUD" name="test_delete_nonexistent_card" time="0.056" /><testcase classname="backend.tests.test_credit_card_api.TestAIRecommendation" name="test_ai_recommendation_endpoint_exists" time="2.653" /></testsuite></testsuites>